[debug] [2026-06-28T02:59:52.034Z] ----------------------------------------------------------------------
[debug] [2026-06-28T02:59:52.038Z] Command:       C:\Program Files\nodejs\node.exe C:\Users\mhafi\AppData\Roaming\npm\node_modules\firebase-tools\lib\bin\firebase.js login:ci --no-localhost
[debug] [2026-06-28T02:59:52.038Z] CLI Version:   15.9.1
[debug] [2026-06-28T02:59:52.038Z] Platform:      win32
[debug] [2026-06-28T02:59:52.039Z] Node Version:  v24.13.0
[debug] [2026-06-28T02:59:52.039Z] Time:          Sun Jun 28 2026 10:59:52 GMT+0800 (Malaysia Time)
[debug] [2026-06-28T02:59:52.039Z] ----------------------------------------------------------------------
[debug] 
[warn] !  Authenticating with a `login:ci` token is deprecated and will be removed in a future major version of `firebase-tools`. Instead, use a service account key with `GOOGLE_APPLICATION_CREDENTIALS`: https://cloud.google.com/docs/authentication/getting-started 
[debug] [2026-06-28T02:59:52.271Z] >>> [apiv2][query] POST https://auth.firebase.tools/attest [none]
[debug] [2026-06-28T02:59:52.271Z] >>> [apiv2][body] POST https://auth.firebase.tools/attest {"session_id":"8a8711cd-3122-4bfa-b077-373a09faf593"}
[debug] [2026-06-28T02:59:52.753Z] <<< [apiv2][status] POST https://auth.firebase.tools/attest 200
[debug] [2026-06-28T02:59:52.753Z] <<< [apiv2][body] POST https://auth.firebase.tools/attest {"token":"d_PXKtCQmW-eWI-cqr5cz48oYCsavBkjgGEN6oyaT6o"}
[info] 
[info] To sign in to the Firebase CLI:
[info] 
[info] 1. Take note of your session ID:
[info] 
[info]    8A871
[info] 
[info] 2. Visit the URL below on any device and follow the instructions to get your code:
[info] 
[info]    https://auth.firebase.tools/login?code_challenge=1x_22Rq3xuicOYzBLS01gBlb9VF5UsFMGlEKt75ZQL8&session=8a8711cd-3122-4bfa-b077-373a09faf593&attest=d_PXKtCQmW-eWI-cqr5cz48oYCsavBkjgGEN6oyaT6o
[info] 
[info] 3. Paste or enter the authorization code below once you have it:
[info] 
